TN:
SF:dbwrapper.js
FN:9,DBWrapper
FN:14,createTable
FN:20,batchWriteItem
FN:26,scan
FN:32,deleteTable
FNF:5
FNH:5
FNDA:1,DBWrapper
FNDA:1,createTable
FNDA:1,batchWriteItem
FNDA:1,scan
FNDA:1,deleteTable
DA:1,1
DA:2,1
DA:3,1
DA:4,1
DA:5,1
DA:6,1
DA:7,1
DA:8,1
DA:9,1
DA:10,1
DA:11,1
DA:12,1
DA:13,1
DA:14,1
DA:15,1
DA:16,1
DA:17,1
DA:18,1
DA:19,1
DA:20,1
DA:21,1
DA:22,1
DA:23,1
DA:24,1
DA:25,1
DA:26,1
DA:27,1
DA:28,1
DA:29,1
DA:30,1
DA:31,1
DA:32,1
DA:33,1
DA:34,1
DA:35,1
DA:36,1
DA:37,1
DA:38,1
DA:39,1
LF:39
LH:39
BRDA:9,0,0,1
BRDA:14,1,0,1
BRDA:20,2,0,1
BRDA:26,3,0,1
BRDA:32,4,0,1
BRF:5
BRH:5
end_of_record
